2025-12-30 13:32:39,817 - INFO - VLM 分析器初始化成功
2025-12-30 13:32:42,725 - INFO - 程序启动成功
2025-12-30 13:32:42,725 - INFO -   窗口句柄: 13243344
2025-12-30 13:32:42,726 - INFO -   窗口标题: '网上股票交易系统5.0'
2025-12-30 13:32:42,726 - INFO -   窗口类名: 'Afx:004D0000:b:00010003:00000006:1D931737'
2025-12-30 13:32:42,727 - INFO -   客户区坐标: (130, 57, 1342, 755)
2025-12-30 13:32:42,727 - INFO -   客户区尺寸: 1212x698
2025-12-30 13:32:45,729 - INFO - 执行: F4 查询资产
2025-12-30 13:32:47,598 - INFO -   正在截图...
2025-12-30 13:32:48,574 - INFO - 截图已保存: SystemLog\screenshots\screenshot_20251230_133248.png
2025-12-30 13:32:48,575 - INFO -   正在使用 VLM 分析资产数据...
2025-12-30 13:32:55,068 - INFO -   VLM 分析完成
2025-12-30 13:32:55,071 - INFO - 执行: F2 卖出
2025-12-30 13:32:57,486 - INFO -   输入股票代码: 605337
2025-12-30 13:33:00,945 - INFO -   输入价格: 11.836
2025-12-30 13:33:05,753 - INFO -   输入数量: 52
2025-12-30 13:33:08,091 - INFO -   确认卖出...
2025-12-30 13:33:09,408 - INFO - 卖出操作完成
2025-12-30 13:33:18,413 - INFO - 执行: F4 查询资产
2025-12-30 13:33:20,655 - INFO -   正在截图...
2025-12-30 13:33:21,354 - INFO - 截图已保存: SystemLog\screenshots\screenshot_20251230_133321.png
2025-12-30 13:33:21,355 - INFO -   正在使用 VLM 分析资产数据...
2025-12-30 13:47:02,733 - INFO - VLM 分析器初始化成功
2025-12-30 13:47:05,018 - INFO - 程序启动成功
2025-12-30 13:47:05,018 - INFO -   窗口句柄: 13243344
2025-12-30 13:47:05,019 - INFO -   窗口标题: '网上股票交易系统5.0'
2025-12-30 13:47:05,020 - INFO -   窗口类名: 'Afx:004D0000:b:00010003:00000006:1D931737'
2025-12-30 13:47:05,020 - INFO -   客户区坐标: (130, 57, 1342, 755)
2025-12-30 13:47:05,020 - INFO -   客户区尺寸: 1212x698
2025-12-30 13:47:08,022 - INFO - 执行: F4 查询资产
2025-12-30 13:47:10,278 - INFO -   正在截图...
2025-12-30 13:47:10,865 - INFO - 截图已保存: SystemLog\screenshots\screenshot_20251230_134710.png
2025-12-30 13:47:10,866 - INFO -   正在使用 VLM 分析资产数据...
2025-12-30 13:47:19,660 - INFO -   VLM 分析完成
2025-12-30 13:47:19,663 - INFO - 执行: F2 卖出 (价格模式: market)
2025-12-30 13:47:21,898 - INFO -   输入股票代码: 605337
2025-12-30 13:47:25,228 - INFO -   市价单：基准价格 11.87，卖出价格 11.75
2025-12-30 13:47:25,228 - INFO -   输入价格: 11.75
2025-12-30 13:47:29,575 - INFO -   输入数量: 52
2025-12-30 13:47:31,903 - INFO -   确认卖出...
2025-12-30 13:47:33,206 - INFO - 卖出操作完成
2025-12-30 13:47:42,210 - INFO - 执行: F4 查询资产
2025-12-30 13:47:44,057 - INFO -   正在截图...
2025-12-30 13:47:44,608 - INFO - 截图已保存: SystemLog\screenshots\screenshot_20251230_134744.png
2025-12-30 13:47:44,608 - INFO -   正在使用 VLM 分析资产数据...
2025-12-30 13:47:49,668 - INFO -   VLM 分析完成
2025-12-30 13:47:49,675 - INFO - 执行: F1 买入 (价格模式: market)
2025-12-30 13:47:51,975 - INFO -   输入股票代码: 159742
2025-12-30 13:47:55,064 - INFO -   市价单：基准价格 0.74，买入价格 0.75
2025-12-30 13:47:55,064 - INFO -   输入价格: 0.75
2025-12-30 13:47:57,813 - INFO -   输入数量: 700
2025-12-30 13:48:00,295 - INFO -   确认买入...
2025-12-30 13:48:01,558 - INFO - 买入操作完成
2025-12-30 13:50:14,427 - INFO - VLM 分析器初始化成功
2025-12-30 13:50:16,709 - INFO - 程序启动成功
2025-12-30 13:50:16,709 - INFO -   窗口句柄: 13243344
2025-12-30 13:50:16,709 - INFO -   窗口标题: '网上股票交易系统5.0'
2025-12-30 13:50:16,710 - INFO -   窗口类名: 'Afx:004D0000:b:00010003:00000006:1D931737'
2025-12-30 13:50:16,711 - INFO -   客户区坐标: (130, 57, 1342, 755)
2025-12-30 13:50:16,711 - INFO -   客户区尺寸: 1212x698
2025-12-30 13:50:19,713 - INFO - 执行: F4 查询资产
2025-12-30 13:50:21,993 - INFO -   正在截图...
2025-12-30 13:50:22,547 - INFO - 截图已保存: SystemLog\screenshots\screenshot_20251230_135022.png
2025-12-30 13:50:22,547 - INFO -   正在使用 VLM 分析资产数据...
2025-12-30 13:50:31,949 - INFO -   VLM 分析完成
2025-12-30 13:50:31,952 - INFO - 执行: F2 卖出 (价格模式: market)
2025-12-30 13:50:34,105 - INFO -   输入股票代码: 515790
2025-12-30 13:50:37,346 - INFO -   市价单：基准价格 0.978，卖出价格 0.968
2025-12-30 13:50:37,346 - INFO -   输入价格: 0.968
2025-12-30 13:50:41,687 - INFO -   输入数量: 100
2025-12-30 13:50:44,209 - INFO -   确认卖出...
2025-12-30 13:50:45,505 - INFO - 卖出操作完成
2025-12-30 13:50:54,508 - INFO - 执行: F4 查询资产
2025-12-30 13:52:51,848 - INFO - VLM 分析器初始化成功
2025-12-30 13:52:54,128 - INFO - 程序启动成功
2025-12-30 13:52:54,128 - INFO -   窗口句柄: 13243344
2025-12-30 13:52:54,128 - INFO -   窗口标题: '网上股票交易系统5.0'
2025-12-30 13:52:54,129 - INFO -   窗口类名: 'Afx:004D0000:b:00010003:00000006:1D931737'
2025-12-30 13:52:54,129 - INFO -   客户区坐标: (130, 57, 1342, 755)
2025-12-30 13:52:54,130 - INFO -   客户区尺寸: 1212x698
2025-12-30 13:52:57,131 - INFO - 执行: F4 查询资产
2025-12-30 13:52:59,377 - INFO -   正在截图...
2025-12-30 13:52:59,965 - INFO - 截图已保存: SystemLog\screenshots\screenshot_20251230_135259.png
2025-12-30 13:52:59,965 - INFO -   正在使用 VLM 分析资产数据...
2025-12-30 13:53:10,570 - INFO -   VLM 分析完成
2025-12-30 13:53:10,573 - INFO - 执行: F2 卖出 (价格模式: market)
2025-12-30 13:53:12,751 - INFO -   输入股票代码: 515790
2025-12-30 13:53:15,921 - INFO -   市价单：基准价格 0.978，卖出价格 0.968
2025-12-30 13:53:15,921 - INFO -   输入价格: 0.968
2025-12-30 13:53:20,266 - INFO -   输入数量: 100
2025-12-30 13:53:22,800 - INFO -   确认卖出...
2025-12-30 13:53:26,396 - INFO - 卖出操作完成
2025-12-30 13:53:43,610 - INFO - VLM 分析器初始化成功
2025-12-30 13:53:45,913 - INFO - 程序启动成功
2025-12-30 13:53:45,913 - INFO -   窗口句柄: 13243344
2025-12-30 13:53:45,913 - INFO -   窗口标题: '网上股票交易系统5.0'
2025-12-30 13:53:45,914 - INFO -   窗口类名: 'Afx:004D0000:b:00010003:00000006:1D931737'
2025-12-30 13:53:45,914 - INFO -   客户区坐标: (130, 57, 1342, 755)
2025-12-30 13:53:45,914 - INFO -   客户区尺寸: 1212x698
2025-12-30 13:53:48,916 - INFO - 执行: F4 查询资产
2025-12-30 13:53:51,233 - INFO -   正在截图...
2025-12-30 13:53:51,808 - INFO - 截图已保存: SystemLog\screenshots\screenshot_20251230_135351.png
2025-12-30 13:53:51,808 - INFO -   正在使用 VLM 分析资产数据...
2025-12-30 13:53:59,521 - INFO -   VLM 分析完成
2025-12-30 13:53:59,524 - INFO - 执行: F2 卖出 (价格模式: market)
2025-12-30 13:54:01,828 - INFO -   输入股票代码: 515790
2025-12-30 13:54:05,073 - INFO -   市价单：基准价格 0.978，卖出价格 0.968
2025-12-30 13:54:05,073 - INFO -   输入价格: 0.968
2025-12-30 13:54:09,415 - INFO -   输入数量: 100
2025-12-30 13:54:11,940 - INFO -   确认卖出...
2025-12-30 13:54:15,540 - INFO - 卖出操作完成
2025-12-30 13:57:21,702 - INFO - VLM 分析器初始化成功
2025-12-30 13:57:23,975 - INFO - 程序启动成功
2025-12-30 13:57:23,975 - INFO -   窗口句柄: 13243344
2025-12-30 13:57:23,976 - INFO -   窗口标题: '网上股票交易系统5.0'
2025-12-30 13:57:23,976 - INFO -   窗口类名: 'Afx:004D0000:b:00010003:00000006:1D931737'
2025-12-30 13:57:23,977 - INFO -   客户区坐标: (130, 57, 1342, 755)
2025-12-30 13:57:23,977 - INFO -   客户区尺寸: 1212x698
2025-12-30 13:57:26,979 - INFO - 执行: F4 查询资产
2025-12-30 13:57:29,240 - INFO -   正在截图...
2025-12-30 13:57:29,830 - INFO - 截图已保存: SystemLog\screenshots\screenshot_20251230_135729.png
2025-12-30 13:57:29,831 - INFO -   正在使用 VLM 分析资产数据...
2025-12-30 13:57:40,490 - INFO -   VLM 分析完成
2025-12-30 13:57:40,493 - INFO - 执行: F2 卖出 (价格模式: market)
2025-12-30 13:57:42,655 - INFO -   输入股票代码: 515790
2025-12-30 13:57:45,923 - INFO -   市价单：基准价格 0.977，卖出价格 0.967
2025-12-30 13:57:45,923 - INFO -   输入价格: 0.967
2025-12-30 13:57:50,264 - INFO -   输入数量: 100
2025-12-30 13:57:52,754 - INFO -   确认卖出...
2025-12-30 13:57:58,387 - INFO - 卖出操作完成
2025-12-30 13:58:07,389 - INFO - 执行: F4 查询资产
2025-12-30 13:58:09,217 - INFO -   正在截图...
2025-12-30 13:58:09,771 - INFO - 截图已保存: SystemLog\screenshots\screenshot_20251230_135809.png
2025-12-30 13:58:09,772 - INFO -   正在使用 VLM 分析资产数据...
2025-12-30 13:58:17,524 - INFO -   VLM 分析完成
2025-12-30 13:58:17,529 - INFO - 执行: F1 买入 (价格模式: market)
2025-12-30 13:58:19,695 - INFO -   输入股票代码: 159742
2025-12-30 13:58:22,994 - INFO -   市价单：基准价格 0.74，买入价格 0.75
2025-12-30 13:58:22,994 - INFO -   输入价格: 0.75
2025-12-30 13:58:25,683 - INFO -   输入数量: 1400
2025-12-30 13:58:28,369 - INFO -   确认买入...
2025-12-30 13:58:29,638 - INFO - 买入操作完成
2025-12-30 14:01:12,954 - INFO - VLM 分析器初始化成功
2025-12-30 14:01:15,258 - INFO - 程序启动成功
2025-12-30 14:01:15,258 - INFO -   窗口句柄: 13243344
2025-12-30 14:01:15,259 - INFO -   窗口标题: '网上股票交易系统5.0'
2025-12-30 14:01:15,259 - INFO -   窗口类名: 'Afx:004D0000:b:00010003:00000006:1D931737'
2025-12-30 14:01:15,260 - INFO -   客户区坐标: (74, 64, 1286, 762)
2025-12-30 14:01:15,260 - INFO -   客户区尺寸: 1212x698
2025-12-30 14:01:18,262 - INFO - 执行: F4 查询资产
2025-12-30 14:01:20,603 - INFO -   正在截图...
2025-12-30 14:01:21,180 - INFO - 截图已保存: SystemLog\screenshots\screenshot_20251230_140121.png
2025-12-30 14:01:21,181 - INFO -   正在使用 VLM 分析资产数据...
2025-12-30 14:01:34,297 - INFO -   VLM 分析完成
2025-12-30 14:01:34,300 - INFO - 执行: F2 卖出 (价格模式: market)
2025-12-30 14:01:36,802 - INFO -   输入股票代码: 515790
2025-12-30 14:01:40,095 - INFO -   市价单：基准价格 0.974，卖出价格 0.964
2025-12-30 14:01:40,095 - INFO -   输入价格: 0.964
2025-12-30 14:01:44,441 - INFO -   输入数量: 100
2025-12-30 14:01:46,924 - INFO -   确认卖出...
2025-12-30 14:01:52,549 - INFO - 卖出操作完成
2025-12-30 14:02:01,552 - INFO - 执行: F4 查询资产
2025-12-30 14:02:03,411 - INFO -   正在截图...
2025-12-30 14:02:03,957 - INFO - 截图已保存: SystemLog\screenshots\screenshot_20251230_140203.png
2025-12-30 14:02:03,958 - INFO -   正在使用 VLM 分析资产数据...
2025-12-30 14:02:15,422 - INFO -   VLM 分析完成
2025-12-30 14:02:15,429 - INFO - 执行: F1 买入 (价格模式: market)
2025-12-30 14:02:17,606 - INFO -   输入股票代码: 159742
2025-12-30 14:02:20,838 - INFO -   市价单：基准价格 0.74，买入价格 0.75
2025-12-30 14:02:20,838 - INFO -   输入价格: 0.75
2025-12-30 14:02:23,525 - INFO -   输入数量: 100
2025-12-30 14:02:26,016 - INFO -   确认买入...
2025-12-30 14:02:27,285 - INFO - 买入操作完成
2025-12-30 14:02:28,286 - INFO - 执行: F1 买入 (价格模式: market)
2025-12-30 14:02:30,391 - INFO -   输入股票代码: 159567
2025-12-30 14:02:33,490 - INFO -   市价单：基准价格 0.784，买入价格 0.792
2025-12-30 14:02:33,490 - INFO -   输入价格: 0.792
2025-12-30 14:02:37,346 - INFO -   输入数量: 100
2025-12-30 14:02:39,829 - INFO -   确认买入...
2025-12-30 14:02:41,120 - INFO - 买入操作完成
2025-12-30 14:02:42,121 - INFO - 执行: F1 买入 (价格模式: market)
2025-12-30 14:02:44,229 - INFO -   输入股票代码: 515790
2025-12-30 14:02:47,316 - INFO -   市价单：基准价格 0.97，买入价格 0.98
2025-12-30 14:02:47,316 - INFO -   输入价格: 0.98
2025-12-30 14:02:50,204 - INFO -   输入数量: 100
2025-12-30 14:02:52,737 - INFO -   确认买入...
2025-12-30 14:02:54,003 - INFO - 买入操作完成
2025-12-30 14:02:55,005 - INFO - 执行: F1 买入 (价格模式: market)
2025-12-30 14:02:57,128 - INFO -   输入股票代码: 159770
2025-12-30 14:03:00,264 - INFO -   市价单：基准价格 1.018，买入价格 1.028
2025-12-30 14:03:00,264 - INFO -   输入价格: 1.028
2025-12-30 14:03:03,165 - INFO -   输入数量: 100
2025-12-30 14:03:05,659 - INFO -   确认买入...
2025-12-30 14:03:07,111 - INFO - 买入操作完成
2025-12-30 14:04:42,141 - INFO - VLM 分析器初始化成功
2025-12-30 14:04:44,452 - INFO - 程序启动成功
2025-12-30 14:04:44,452 - INFO -   窗口句柄: 13243344
2025-12-30 14:04:44,452 - INFO -   窗口标题: '网上股票交易系统5.0'
2025-12-30 14:04:44,453 - INFO -   窗口类名: 'Afx:004D0000:b:00010003:00000006:1D931737'
2025-12-30 14:04:44,453 - INFO -   客户区坐标: (74, 64, 1286, 762)
2025-12-30 14:04:44,453 - INFO -   客户区尺寸: 1212x698
2025-12-30 14:04:47,455 - INFO - 执行: F4 查询资产
2025-12-30 14:04:49,906 - INFO -   正在截图...
2025-12-30 14:04:50,507 - INFO - 截图已保存: SystemLog\screenshots\screenshot_20251230_140450.png
2025-12-30 14:04:50,508 - INFO -   正在使用 VLM 分析资产数据...
2025-12-30 14:05:00,850 - INFO -   VLM 分析完成
2025-12-30 14:05:00,855 - INFO - 执行: F1 买入 (价格模式: market)
2025-12-30 14:05:03,789 - INFO -   输入股票代码: 159742
2025-12-30 14:05:07,246 - INFO -   市价单：基准价格 0.74，买入价格 0.75
2025-12-30 14:05:07,246 - INFO -   输入价格: 0.75
2025-12-30 14:05:09,937 - INFO -   输入数量: 100
2025-12-30 14:05:12,424 - INFO -   确认买入...
2025-12-30 14:05:13,702 - INFO - 买入操作完成
2025-12-30 14:05:14,704 - INFO - 执行: F1 买入 (价格模式: market)
2025-12-30 14:05:17,737 - INFO -   输入股票代码: 159567
2025-12-30 14:05:21,108 - INFO -   市价单：基准价格 0.784，买入价格 0.792
2025-12-30 14:05:21,108 - INFO -   输入价格: 0.792
2025-12-30 14:05:24,001 - INFO -   输入数量: 100
2025-12-30 14:05:26,486 - INFO -   确认买入...
2025-12-30 14:05:27,752 - INFO - 买入操作完成
2025-12-30 14:05:28,753 - INFO - 执行: F1 买入 (价格模式: market)
2025-12-30 14:05:31,607 - INFO -   输入股票代码: 515790
2025-12-30 14:05:34,796 - INFO -   市价单：基准价格 0.97，买入价格 0.98
2025-12-30 14:05:34,796 - INFO -   输入价格: 0.98
2025-12-30 14:05:37,496 - INFO -   输入数量: 100
2025-12-30 14:05:39,977 - INFO -   确认买入...
2025-12-30 14:05:41,260 - INFO - 买入操作完成
2025-12-30 14:05:42,262 - INFO - 执行: F1 买入 (价格模式: market)
2025-12-30 14:05:45,261 - INFO -   输入股票代码: 159770
2025-12-30 14:05:48,536 - INFO -   市价单：基准价格 1.018，买入价格 1.028
2025-12-30 14:05:48,536 - INFO -   输入价格: 1.028
2025-12-30 14:05:51,437 - INFO -   输入数量: 100
2025-12-30 14:05:53,923 - INFO -   确认买入...
2025-12-30 14:05:55,189 - INFO - 买入操作完成
2025-12-30 14:05:56,190 - INFO - 执行: F1 买入 (价格模式: market)
2025-12-30 14:05:59,060 - INFO -   输入股票代码: 159755
2025-12-30 14:06:02,313 - INFO -   市价单：基准价格 1.059，买入价格 1.070
2025-12-30 14:06:02,313 - INFO -   输入价格: 1.070
2025-12-30 14:06:05,232 - INFO -   输入数量: 100
2025-12-30 14:06:07,715 - INFO -   确认买入...
2025-12-30 14:06:08,980 - INFO - 买入操作完成
2025-12-30 14:06:09,983 - INFO - 执行: F1 买入 (价格模式: market)
2025-12-30 14:06:12,968 - INFO -   输入股票代码: 159819
2025-12-30 14:06:16,361 - INFO -   市价单：基准价格 1.527，买入价格 1.542
2025-12-30 14:06:16,361 - INFO -   输入价格: 1.542
2025-12-30 14:06:19,253 - INFO -   输入数量: 100
2025-12-30 14:06:21,735 - INFO -   确认买入...
2025-12-30 14:06:23,015 - INFO - 买入操作完成
2025-12-30 14:06:24,016 - INFO - 执行: F1 买入 (价格模式: market)
2025-12-30 14:06:26,974 - INFO -   输入股票代码: 159949
2025-12-30 14:06:30,224 - INFO -   市价单：基准价格 1.542，买入价格 1.557
2025-12-30 14:06:30,225 - INFO -   输入价格: 1.557
2025-12-30 14:06:33,127 - INFO -   输入数量: 100
2025-12-30 14:06:35,607 - INFO -   确认买入...
2025-12-30 14:06:36,872 - INFO - 买入操作完成
2025-12-30 14:06:37,875 - INFO - 执行: F1 买入 (价格模式: market)
2025-12-30 14:06:40,745 - INFO -   输入股票代码: 512400
2025-12-30 14:06:43,994 - INFO -   市价单：基准价格 1.847，买入价格 1.865
2025-12-30 14:06:43,994 - INFO -   输入价格: 1.865
2025-12-30 14:06:46,896 - INFO -   输入数量: 100
2025-12-30 14:06:49,383 - INFO -   确认买入...
2025-12-30 14:06:50,663 - INFO - 买入操作完成
